<?xml version="1.0" encoding="UTF-8"?>
<testsuite name="PersonalAssistantTest" tests="1" skipped="0" failures="0" errors="0" timestamp="2020-04-09T05:12:58" hostname="DEEPANSHU" time="0.044">
  <properties/>
  <testcase name="start" classname="PersonalAssistantTest" time="0.044"/>
  <system-out><![CDATA[?[1;31m
Start test 1?[0m
Hello! My name is Aid.
I was created in 2018.
]]></system-out>
  <system-err><![CDATA[]]></system-err>
</testsuite>
